mode: set
github.com/ethereum/go-ethereum/ethdb/overlay/batch.go:11.33,13.2 1 0
github.com/ethereum/go-ethereum/ethdb/overlay/batch.go:14.31,16.2 1 1
github.com/ethereum/go-ethereum/ethdb/overlay/batch.go:17.25,19.2 1 0
github.com/ethereum/go-ethereum/ethdb/overlay/batch.go:20.54,22.2 1 0
github.com/ethereum/go-ethereum/ethdb/overlay/batch.go:23.53,25.16 2 1
github.com/ethereum/go-ethereum/ethdb/overlay/batch.go:28.2,28.37 1 1
github.com/ethereum/go-ethereum/ethdb/overlay/batch.go:25.16,27.3 1 0
github.com/ethereum/go-ethereum/ethdb/overlay/batch.go:30.42,32.16 2 1
github.com/ethereum/go-ethereum/ethdb/overlay/batch.go:35.2,35.44 1 1
github.com/ethereum/go-ethereum/ethdb/overlay/batch.go:32.16,34.3 1 0
github.com/ethereum/go-ethereum/ethdb/overlay/iterator.go:19.40,20.59 1 1
github.com/ethereum/go-ethereum/ethdb/overlay/iterator.go:23.3,24.68 2 1
github.com/ethereum/go-ethereum/ethdb/overlay/iterator.go:31.3,32.24 2 1
github.com/ethereum/go-ethereum/ethdb/overlay/iterator.go:41.3,41.22 1 1
github.com/ethereum/go-ethereum/ethdb/overlay/iterator.go:52.3,52.23 1 1
github.com/ethereum/go-ethereum/ethdb/overlay/iterator.go:61.3,61.15 1 1
github.com/ethereum/go-ethereum/ethdb/overlay/iterator.go:20.59,22.4 1 0
github.com/ethereum/go-ethereum/ethdb/overlay/iterator.go:24.68,25.35 1 1
github.com/ethereum/go-ethereum/ethdb/overlay/iterator.go:29.5,29.36 1 1
github.com/ethereum/go-ethereum/ethdb/overlay/iterator.go:25.35,28.6 2 1
github.com/ethereum/go-ethereum/ethdb/overlay/iterator.go:32.24,33.74 1 1
github.com/ethereum/go-ethereum/ethdb/overlay/iterator.go:36.5,36.36 1 1
github.com/ethereum/go-ethereum/ethdb/overlay/iterator.go:33.74,34.12 1 1
github.com/ethereum/go-ethereum/ethdb/overlay/iterator.go:36.36,39.6 2 1
github.com/ethereum/go-ethereum/ethdb/overlay/iterator.go:41.22,42.59 1 1
github.com/ethereum/go-ethereum/ethdb/overlay/iterator.go:42.59,45.37 3 1
github.com/ethereum/go-ethereum/ethdb/overlay/iterator.go:49.7,49.18 1 1
github.com/ethereum/go-ethereum/ethdb/overlay/iterator.go:45.37,48.8 2 0
github.com/ethereum/go-ethereum/ethdb/overlay/iterator.go:52.23,55.36 3 1
github.com/ethereum/go-ethereum/ethdb/overlay/iterator.go:59.5,59.16 1 1
github.com/ethereum/go-ethereum/ethdb/overlay/iterator.go:55.36,58.6 2 0
github.com/ethereum/go-ethereum/ethdb/overlay/iterator.go:63.42,65.2 1 0
github.com/ethereum/go-ethereum/ethdb/overlay/iterator.go:66.41,68.2 1 1
github.com/ethereum/go-ethereum/ethdb/overlay/iterator.go:69.43,71.2 1 1
github.com/ethereum/go-ethereum/ethdb/overlay/iterator.go:72.38,75.2 2 1
github.com/ethereum/go-ethereum/ethdb/overlay/wrapper.go:20.108,22.2 1 0
github.com/ethereum/go-ethereum/ethdb/overlay/wrapper.go:24.121,26.2 1 0
github.com/ethereum/go-ethereum/ethdb/overlay/wrapper.go:28.35,30.2 1 1
github.com/ethereum/go-ethereum/ethdb/overlay/wrapper.go:32.65,37.2 4 1
github.com/ethereum/go-ethereum/ethdb/overlay/wrapper.go:39.59,44.2 4 1
github.com/ethereum/go-ethereum/ethdb/overlay/wrapper.go:46.66,48.64 2 1
github.com/ethereum/go-ethereum/ethdb/overlay/wrapper.go:66.3,66.18 1 1
github.com/ethereum/go-ethereum/ethdb/overlay/wrapper.go:48.64,50.18 2 1
github.com/ethereum/go-ethereum/ethdb/overlay/wrapper.go:54.5,54.29 1 1
github.com/ethereum/go-ethereum/ethdb/overlay/wrapper.go:60.5,61.43 2 1
github.com/ethereum/go-ethereum/ethdb/overlay/wrapper.go:64.5,64.20 1 1
github.com/ethereum/go-ethereum/ethdb/overlay/wrapper.go:50.18,52.6 1 1
github.com/ethereum/go-ethereum/ethdb/overlay/wrapper.go:54.29,56.69 2 1
github.com/ethereum/go-ethereum/ethdb/overlay/wrapper.go:56.69,58.8 1 1
github.com/ethereum/go-ethereum/ethdb/overlay/wrapper.go:61.43,63.6 1 1
github.com/ethereum/go-ethereum/ethdb/overlay/wrapper.go:69.64,71.11 2 1
github.com/ethereum/go-ethereum/ethdb/overlay/wrapper.go:85.3,85.18 1 1
github.com/ethereum/go-ethereum/ethdb/overlay/wrapper.go:71.11,73.18 2 1
github.com/ethereum/go-ethereum/ethdb/overlay/wrapper.go:77.5,77.29 1 1
github.com/ethereum/go-ethereum/ethdb/overlay/wrapper.go:83.5,83.37 1 1
github.com/ethereum/go-ethereum/ethdb/overlay/wrapper.go:73.18,75.6 1 1
github.com/ethereum/go-ethereum/ethdb/overlay/wrapper.go:77.29,79.14 2 1
github.com/ethereum/go-ethereum/ethdb/overlay/wrapper.go:79.14,81.8 1 1
github.com/ethereum/go-ethereum/ethdb/overlay/wrapper.go:88.72,90.2 1 0
github.com/ethereum/go-ethereum/ethdb/overlay/wrapper.go:92.76,94.2 1 0
github.com/ethereum/go-ethereum/ethdb/overlay/wrapper.go:96.87,98.2 1 0
github.com/ethereum/go-ethereum/ethdb/overlay/wrapper.go:99.86,101.2 1 0
github.com/ethereum/go-ethereum/ethdb/overlay/wrapper.go:102.61,104.2 1 0
github.com/ethereum/go-ethereum/ethdb/overlay/wrapper.go:105.75,107.2 1 0
github.com/ethereum/go-ethereum/ethdb/overlay/wrapper.go:108.109,110.2 1 0
github.com/ethereum/go-ethereum/ethdb/overlay/wrapper.go:111.67,113.2 1 0
github.com/ethereum/go-ethereum/ethdb/overlay/wrapper.go:114.47,116.2 1 0
github.com/ethereum/go-ethereum/ethdb/overlay/wrapper.go:117.48,122.27 5 1
github.com/ethereum/go-ethereum/ethdb/overlay/wrapper.go:125.3,125.18 1 1
github.com/ethereum/go-ethereum/ethdb/overlay/wrapper.go:126.3,126.18 1 1
github.com/ethereum/go-ethereum/ethdb/overlay/wrapper.go:127.3,127.18 1 1
github.com/ethereum/go-ethereum/ethdb/overlay/wrapper.go:128.3,128.14 1 1
github.com/ethereum/go-ethereum/ethdb/overlay/wrapper.go:122.27,124.4 1 1
github.com/ethereum/go-ethereum/ethdb/overlay/wrapper.go:125.18,125.33 1 0
github.com/ethereum/go-ethereum/ethdb/overlay/wrapper.go:126.18,126.33 1 0
github.com/ethereum/go-ethereum/ethdb/overlay/wrapper.go:127.18,127.33 1 0
github.com/ethereum/go-ethereum/ethdb/overlay/wrapper.go:130.57,132.2 1 1
github.com/ethereum/go-ethereum/ethdb/overlay/wrapper.go:133.63,148.2 5 1
github.com/ethereum/go-ethereum/ethdb/overlay/wrapper.go:149.86,160.2 1 0
github.com/ethereum/go-ethereum/ethdb/overlay/wrapper.go:161.84,172.2 1 0
